<?xml version="1.0" encoding="UTF-8"?>
<testsuite xmlns:xsi="http://www.w3.org/2001/XMLSchema-instance" xsi:noNamespaceSchemaLocation="https://maven.apache.org/surefire/maven-surefire-plugin/xsd/surefire-test-report-3.0.xsd" version="3.0" name="com.Evaport.EvaPortAppTests" time="5.811" tests="1" errors="0" skipped="0" failures="0">
  <properties>
[...]
</properties>
  <testcase name="contextLoads" classname="com.Evaport.EvaPortAppTests" time="0.657">
    <system-out><![CDATA[00:54:25.009 [main] INFO org.springframework.test.context.support.AnnotationConfigContextLoaderUtils -- Could not detect default configuration classes for test class [com.Evaport.EvaPortAppTests]: EvaPortAppTests does not declare any static, non-private, non-final, nested classes annotated with @Configuration.
00:54:25.125 [main] INFO org.springframework.boot.test.context.SpringBootTestContextBootstrapper -- Found @SpringBootConfiguration com.Evaport.EvaPortApp for test class com.Evaport.EvaPortAppTests
------------      \        /    \          /
|                  \      /      \        /
|-------            \    /        \      /
|                     |            \    /
|                     |             \  /
|                     |              \/
2024-02-10T00:54:25.653+03:00  INFO 7151 --- [           main] com.Evaport.EvaPortAppTests              : Starting EvaPortAppTests using Java 20.0.1 with PID 7151 (started by fikriyigitvuranok in /Users/fikriyigitvuranok/Desktop/Full Stack APPS/EvaPort)
2024-02-10T00:54:25.657+03:00  INFO 7151 --- [           main] com.Evaport.EvaPortAppTests              : The following 1 profile is active: "react"
2024-02-10T00:54:25.690+03:00 DEBUG 7151 --- [           main] o.s.w.c.s.GenericWebApplicationContext   : Refreshing org.springframework.web.context.support.GenericWebApplicationContext@210386e0
2024-02-10T00:54:26.682+03:00  INFO 7151 --- [           main] .s.d.r.c.RepositoryConfigurationDelegate : Bootstrapping Spring Data JPA repositories in DEFAULT mode.
2024-02-10T00:54:26.702+03:00  INFO 7151 --- [           main] .s.d.r.c.RepositoryConfigurationDelegate : Finished Spring Data repository scanning in 11 ms. Found 0 JPA repository interfaces.
2024-02-10T00:54:27.509+03:00  INFO 7151 --- [           main] o.s.o.j.p.SpringPersistenceUnitInfo      : No LoadTimeWeaver setup: ignoring JPA class transformer
2024-02-10T00:54:27.526+03:00  INFO 7151 --- [           main] com.zaxxer.hikari.HikariDataSource       : HikariPool-1 - Starting...
2024-02-10T00:54:27.738+03:00  INFO 7151 --- [           main] com.zaxxer.hikari.pool.HikariPool        : HikariPool-1 - Added connection conn0: url=jdbc:h2:mem:758bc47e-45a6-4668-8c89-b9fbcbc18a5e user=SA
2024-02-10T00:54:27.740+03:00  INFO 7151 --- [           main] com.zaxxer.hikari.HikariDataSource       : HikariPool-1 - Start completed.
2024-02-10T00:54:28.115+03:00  INFO 7151 --- [           main] j.LocalContainerEntityManagerFactoryBean : Initialized JPA EntityManagerFactory for persistence unit 'default'
2024-02-10T00:54:28.377+03:00  WARN 7151 --- [           main] JpaBaseConfiguration$JpaWebConfiguration : spring.jpa.open-in-view is enabled by default. Therefore, database queries may be performed during view rendering. Explicitly configure spring.jpa.open-in-view to disable this warning
2024-02-10T00:54:28.534+03:00 DEBUG 7151 --- [           main] s.w.s.m.m.a.RequestMappingHandlerAdapter : ControllerAdvice beans: 0 @ModelAttribute, 0 @InitBinder, 1 RequestBodyAdvice, 1 ResponseBodyAdvice
2024-02-10T00:54:28.626+03:00 DEBUG 7151 --- [           main] s.w.s.m.m.a.RequestMappingHandlerMapping : 10 mappings in 'requestMappingHandlerMapping'
2024-02-10T00:54:29.349+03:00 DEBUG 7151 --- [           main] o.s.w.s.handler.SimpleUrlHandlerMapping  : Patterns [/webjars/**, /**, /swagger-ui*/*swagger-initializer.js, /swagger-ui*/**] in 'resourceHandlerMapping'
2024-02-10T00:54:29.358+03:00 DEBUG 7151 --- [           main] .m.m.a.ExceptionHandlerExceptionResolver : ControllerAdvice beans: 1 @ExceptionHandler, 1 ResponseBodyAdvice
2024-02-10T00:54:29.399+03:00  WARN 7151 --- [           main] ion$DefaultTemplateResolverConfiguration : Cannot find template location: classpath:/templates/ (please add some templates, check your Thymeleaf configuration, or set spring.thymeleaf.check-template-location=false)
2024-02-10T00:54:29.875+03:00  INFO 7151 --- [           main] com.Evaport.EvaPortAppTests              : Started EvaPortAppTests in 4.584 seconds (process running for 5.569)
]]></system-out>
  </testcase>
</testsuite>